{"numFailedTestSuites":1,"numFailedTests":1,"numPassedTestSuites":9,"numPassedTests":94,"numPendingTestSuites":0,"numPendingTests":0,"numRuntimeErrorTestSuites":0,"numTodoTests":0,"numTotalTestSuites":10,"numTotalTests":95,"openHandles":[],"snapshot":{"added":0,"didUpdate":false,"failure":false,"filesAdded":0,"filesRemoved":0,"filesRemovedList":[],"filesUnmatched":0,"filesUpdated":0,"matched":0,"total":0,"unchecked":0,"uncheckedKeysByFile":[],"unmatched":0,"updated":0},"startTime":1777303596990,"success":false,"testResults":[{"assertionResults":[{"ancestorTitles":["COUNTRIES constants"],"duration":6,"failing":false,"failureDetails":[],"failureMessages":[],"fullName":"COUNTRIES constants has exactly 8 entries","invocations":1,"location":null,"numPassingAsserts":1,"retryReasons":[],"startAt":1777303600141,"status":"passed","title":"has exactly 8 entries"},{"ancestorTitles":["COUNTRIES constants"],"duration":9,"failing":false,"failureDetails":[],"failureMessages":[],"fullName":"COUNTRIES constants all countries have required fields","invocations":1,"location":null,"numPassingAsserts":64,"retryReasons":[],"startAt":1777303600148,"status":"passed","title":"all countries have required fields"},{"ancestorTitles":["COUNTRIES constants"],"duration":0,"failing":false,"failureDetails":[],"failureMessages":[],"fullName":"COUNTRIES constants India has Tamil in languages array","invocations":1,"location":null,"numPassingAsserts":1,"retryReasons":[],"startAt":1777303600158,"status":"passed","title":"India has Tamil in languages array"},{"ancestorTitles":["COUNTRIES constants"],"duration":1,"failing":false,"failureDetails":[],"failureMessages":[],"fullName":"COUNTRIES constants no duplicate country codes","invocations":1,"location":null,"numPassingAsserts":1,"retryReasons":[],"startAt":1777303600159,"status":"passed","title":"no duplicate country codes"},{"ancestorTitles":["getCountryByCode"],"duration":1,"failing":false,"failureDetails":[],"failureMessages":[],"fullName":"getCountryByCode returns India for \"IN\"","invocations":1,"location":null,"numPassingAsserts":1,"retryReasons":[],"startAt":1777303600160,"status":"passed","title":"returns India for \"IN\""},{"ancestorTitles":["getCountryByCode"],"duration":0,"failing":false,"failureDetails":[],"failureMessages":[],"fullName":"getCountryByCode is case insensitive","invocations":1,"location":null,"numPassingAsserts":1,"retryReasons":[],"startAt":1777303600161,"status":"passed","title":"is case insensitive"},{"ancestorTitles":["getCountryByCode"],"duration":0,"failing":false,"failureDetails":[],"failureMessages":[],"fullName":"getCountryByCode returns undefined for invalid code","invocations":1,"location":null,"numPassingAsserts":1,"retryReasons":[],"startAt":1777303600162,"status":"passed","title":"returns undefined for invalid code"},{"ancestorTitles":["getAllCountryCodes"],"duration":6,"failing":false,"failureDetails":[],"failureMessages":[],"fullName":"getAllCountryCodes returns all 8 codes","invocations":1,"location":null,"numPassingAsserts":3,"retryReasons":[],"startAt":1777303600162,"status":"passed","title":"returns all 8 codes"}],"endTime":1777303600178,"message":"","name":"C:\\Users\\smrit\\OneDrive\\Documents\\GitHub\\BallotIQ\\ballotiq\\__tests__\\lib\\countries.test.ts","startTime":1777303599289,"status":"passed","summary":""},{"assertionResults":[{"ancestorTitles":["getRateLimitMessage"],"duration":7,"failing":false,"failureDetails":[],"failureMessages":[],"fullName":"getRateLimitMessage returns a message for gemini service","invocations":1,"location":null,"numPassingAsserts":2,"retryReasons":[],"startAt":1777303600154,"status":"passed","title":"returns a message for gemini service"},{"ancestorTitles":["getRateLimitMessage"],"duration":1,"failing":false,"failureDetails":[],"failureMessages":[],"fullName":"getRateLimitMessage returns a message for translate service","invocations":1,"location":null,"numPassingAsserts":1,"retryReasons":[],"startAt":1777303600162,"status":"passed","title":"returns a message for translate service"},{"ancestorTitles":["getRateLimitMessage"],"duration":1,"failing":false,"failureDetails":[],"failureMessages":[],"fullName":"getRateLimitMessage returns a message for tts service","invocations":1,"location":null,"numPassingAsserts":1,"retryReasons":[],"startAt":1777303600163,"status":"passed","title":"returns a message for tts service"},{"ancestorTitles":["getRateLimitMessage"],"duration":2,"failing":false,"failureDetails":[],"failureMessages":[],"fullName":"getRateLimitMessage returns a string for each valid service","invocations":1,"location":null,"numPassingAsserts":6,"retryReasons":[],"startAt":1777303600164,"status":"passed","title":"returns a string for each valid service"},{"ancestorTitles":["getDailyLimit"],"duration":3,"failing":false,"failureDetails":[{"matcherResult":{"actual":100,"expected":40,"message":"expect(received).toBe(expected) // Object.is equality\n\nExpected: 40\nReceived: 100","name":"toBe","pass":false}}],"failureMessages":["Error: expect(received).toBe(expected) // Object.is equality\n\nExpected: 40\nReceived: 100\n    at Object.toBe (C:\\Users\\smrit\\OneDrive\\Documents\\GitHub\\BallotIQ\\ballotiq\\__tests__\\lib\\rateLimit.test.ts:36:37)\n    at Promise.finally.completed (C:\\Users\\smrit\\OneDrive\\Documents\\GitHub\\BallotIQ\\ballotiq\\node_modules\\jest-circus\\build\\jestAdapterInit.js:1557:28)\n    at new Promise (<anonymous>)\n    at callAsyncCircusFn (C:\\Users\\smrit\\OneDrive\\Documents\\GitHub\\BallotIQ\\ballotiq\\node_modules\\jest-circus\\build\\jestAdapterInit.js:1497:10)\n    at _callCircusTest (C:\\Users\\smrit\\OneDrive\\Documents\\GitHub\\BallotIQ\\ballotiq\\node_modules\\jest-circus\\build\\jestAdapterInit.js:1007:40)\n    at processTicksAndRejections (node:internal/process/task_queues:105:5)\n    at _runTest (C:\\Users\\smrit\\OneDrive\\Documents\\GitHub\\BallotIQ\\ballotiq\\node_modules\\jest-circus\\build\\jestAdapterInit.js:947:3)\n    at C:\\Users\\smrit\\OneDrive\\Documents\\GitHub\\BallotIQ\\ballotiq\\node_modules\\jest-circus\\build\\jestAdapterInit.js:849:7\n    at _runTestsForDescribeBlock (C:\\Users\\smrit\\OneDrive\\Documents\\GitHub\\BallotIQ\\ballotiq\\node_modules\\jest-circus\\build\\jestAdapterInit.js:862:11)\n    at _runTestsForDescribeBlock (C:\\Users\\smrit\\OneDrive\\Documents\\GitHub\\BallotIQ\\ballotiq\\node_modules\\jest-circus\\build\\jestAdapterInit.js:857:11)\n    at run (C:\\Users\\smrit\\OneDrive\\Documents\\GitHub\\BallotIQ\\ballotiq\\node_modules\\jest-circus\\build\\jestAdapterInit.js:761:3)\n    at runAndTransformResultsToJestFormat (C:\\Users\\smrit\\OneDrive\\Documents\\GitHub\\BallotIQ\\ballotiq\\node_modules\\jest-circus\\build\\jestAdapterInit.js:1918:21)\n    at jestAdapter (C:\\Users\\smrit\\OneDrive\\Documents\\GitHub\\BallotIQ\\ballotiq\\node_modules\\jest-circus\\build\\runner.js:101:19)\n    at runTestInternal (C:\\Users\\smrit\\OneDrive\\Documents\\GitHub\\BallotIQ\\ballotiq\\node_modules\\jest-runner\\build\\testWorker.js:275:16)\n    at runTest (C:\\Users\\smrit\\OneDrive\\Documents\\GitHub\\BallotIQ\\ballotiq\\node_modules\\jest-runner\\build\\testWorker.js:343:7)\n    at Object.worker (C:\\Users\\smrit\\OneDrive\\Documents\\GitHub\\BallotIQ\\ballotiq\\node_modules\\jest-runner\\build\\testWorker.js:497:12)"],"fullName":"getDailyLimit returns 40 for gemini","invocations":1,"location":null,"numPassingAsserts":0,"retryReasons":[],"startAt":1777303600166,"status":"failed","title":"returns 40 for gemini"},{"ancestorTitles":["getDailyLimit"],"duration":1,"failing":false,"failureDetails":[],"failureMessages":[],"fullName":"getDailyLimit returns 100 for translate","invocations":1,"location":null,"numPassingAsserts":1,"retryReasons":[],"startAt":1777303600176,"status":"passed","title":"returns 100 for translate"},{"ancestorTitles":["getDailyLimit"],"duration":0,"failing":false,"failureDetails":[],"failureMessages":[],"fullName":"getDailyLimit returns 50 for tts","invocations":1,"location":null,"numPassingAsserts":1,"retryReasons":[],"startAt":1777303600177,"status":"passed","title":"returns 50 for tts"},{"ancestorTitles":["getDailyLimit"],"duration":1,"failing":false,"failureDetails":[],"failureMessages":[],"fullName":"getDailyLimit returns positive integers for all services","invocations":1,"location":null,"numPassingAsserts":6,"retryReasons":[],"startAt":1777303600178,"status":"passed","title":"returns positive integers for all services"}],"endTime":1777303600211,"message":"  ● getDailyLimit › returns 40 for gemini\n\n    expect(received).toBe(expected) // Object.is equality\n\n    Expected: 40\n    Received: 100\n\n    \u001b[0m \u001b[90m 34 |\u001b[39m describe(\u001b[32m'getDailyLimit'\u001b[39m\u001b[33m,\u001b[39m () \u001b[33m=>\u001b[39m {\n     \u001b[90m 35 |\u001b[39m   it(\u001b[32m'returns 40 for gemini'\u001b[39m\u001b[33m,\u001b[39m () \u001b[33m=>\u001b[39m {\n    \u001b[31m\u001b[1m>\u001b[22m\u001b[39m\u001b[90m 36 |\u001b[39m     expect(getDailyLimit(\u001b[32m'gemini'\u001b[39m))\u001b[33m.\u001b[39mtoBe(\u001b[35m40\u001b[39m)\u001b[33m;\u001b[39m\n     \u001b[90m    |\u001b[39m                                     \u001b[31m\u001b[1m^\u001b[22m\u001b[39m\n     \u001b[90m 37 |\u001b[39m   })\u001b[33m;\u001b[39m\n     \u001b[90m 38 |\u001b[39m\n     \u001b[90m 39 |\u001b[39m   it(\u001b[32m'returns 100 for translate'\u001b[39m\u001b[33m,\u001b[39m () \u001b[33m=>\u001b[39m {\u001b[0m\n\n      at Object.toBe (__tests__/lib/rateLimit.test.ts:36:37)\n","name":"C:\\Users\\smrit\\OneDrive\\Documents\\GitHub\\BallotIQ\\ballotiq\\__tests__\\lib\\rateLimit.test.ts","startTime":1777303599304,"status":"failed","summary":""},{"assertionResults":[{"ancestorTitles":["sanitizeUserInput"],"duration":7,"failing":false,"failureDetails":[],"failureMessages":[],"fullName":"sanitizeUserInput removes HTML tags from input","invocations":1,"location":null,"numPassingAsserts":1,"retryReasons":[],"startAt":1777303600199,"status":"passed","title":"removes HTML tags from input"},{"ancestorTitles":["sanitizeUserInput"],"duration":1,"failing":false,"failureDetails":[],"failureMessages":[],"fullName":"sanitizeUserInput limits input to 500 characters","invocations":1,"location":null,"numPassingAsserts":1,"retryReasons":[],"startAt":1777303600206,"status":"passed","title":"limits input to 500 characters"},{"ancestorTitles":["sanitizeUserInput"],"duration":0,"failing":false,"failureDetails":[],"failureMessages":[],"fullName":"sanitizeUserInput removes prompt injection patterns","invocations":1,"location":null,"numPassingAsserts":1,"retryReasons":[],"startAt":1777303600208,"status":"passed","title":"removes prompt injection patterns"},{"ancestorTitles":["sanitizeUserInput"],"duration":1,"failing":false,"failureDetails":[],"failureMessages":[],"fullName":"sanitizeUserInput removes system: prefix injection","invocations":1,"location":null,"numPassingAsserts":1,"retryReasons":[],"startAt":1777303600208,"status":"passed","title":"removes system: prefix injection"},{"ancestorTitles":["sanitizeUserInput"],"duration":1,"failing":false,"failureDetails":[],"failureMessages":[],"fullName":"sanitizeUserInput removes [INST] injection tags","invocations":1,"location":null,"numPassingAsserts":1,"retryReasons":[],"startAt":1777303600210,"status":"passed","title":"removes [INST] injection tags"},{"ancestorTitles":["sanitizeUserInput"],"duration":1,"failing":false,"failureDetails":[],"failureMessages":[],"fullName":"sanitizeUserInput escapes special HTML characters","invocations":1,"location":null,"numPassingAsserts":2,"retryReasons":[],"startAt":1777303600211,"status":"passed","title":"escapes special HTML characters"},{"ancestorTitles":["sanitizeUserInput"],"duration":1,"failing":false,"failureDetails":[],"failureMessages":[],"fullName":"sanitizeUserInput returns empty string for empty input","invocations":1,"location":null,"numPassingAsserts":1,"retryReasons":[],"startAt":1777303600212,"status":"passed","title":"returns empty string for empty input"},{"ancestorTitles":["sanitizeUserInput"],"duration":1,"failing":false,"failureDetails":[],"failureMessages":[],"fullName":"sanitizeUserInput returns empty string for null-like input","invocations":1,"location":null,"numPassingAsserts":1,"retryReasons":[],"startAt":1777303600213,"status":"passed","title":"returns empty string for null-like input"},{"ancestorTitles":["sanitizeUserInput"],"duration":1,"failing":false,"failureDetails":[],"failureMessages":[],"fullName":"sanitizeUserInput trims whitespace from input","invocations":1,"location":null,"numPassingAsserts":1,"retryReasons":[],"startAt":1777303600214,"status":"passed","title":"trims whitespace from input"},{"ancestorTitles":["sanitizeAIResponse"],"duration":9,"failing":false,"failureDetails":[],"failureMessages":[],"fullName":"sanitizeAIResponse removes script tags from AI response","invocations":1,"location":null,"numPassingAsserts":2,"retryReasons":[],"startAt":1777303600216,"status":"passed","title":"removes script tags from AI response"},{"ancestorTitles":["sanitizeAIResponse"],"duration":2,"failing":false,"failureDetails":[],"failureMessages":[],"fullName":"sanitizeAIResponse removes style tags","invocations":1,"location":null,"numPassingAsserts":1,"retryReasons":[],"startAt":1777303600225,"status":"passed","title":"removes style tags"},{"ancestorTitles":["sanitizeAIResponse"],"duration":1,"failing":false,"failureDetails":[],"failureMessages":[],"fullName":"sanitizeAIResponse limits response to 5000 characters","invocations":1,"location":null,"numPassingAsserts":1,"retryReasons":[],"startAt":1777303600227,"status":"passed","title":"limits response to 5000 characters"},{"ancestorTitles":["sanitizeAIResponse"],"duration":1,"failing":false,"failureDetails":[],"failureMessages":[],"fullName":"sanitizeAIResponse returns empty string for empty input","invocations":1,"location":null,"numPassingAsserts":1,"retryReasons":[],"startAt":1777303600228,"status":"passed","title":"returns empty string for empty input"},{"ancestorTitles":["sanitizeJSONResponse"],"duration":1,"failing":false,"failureDetails":[],"failureMessages":[],"fullName":"sanitizeJSONResponse strips markdown code fences from JSON","invocations":1,"location":null,"numPassingAsserts":1,"retryReasons":[],"startAt":1777303600230,"status":"passed","title":"strips markdown code fences from JSON"},{"ancestorTitles":["sanitizeJSONResponse"],"duration":1,"failing":false,"failureDetails":[],"failureMessages":[],"fullName":"sanitizeJSONResponse handles already-clean JSON","invocations":1,"location":null,"numPassingAsserts":1,"retryReasons":[],"startAt":1777303600231,"status":"passed","title":"handles already-clean JSON"},{"ancestorTitles":["sanitizeJSONResponse"],"duration":1,"failing":false,"failureDetails":[],"failureMessages":[],"fullName":"sanitizeJSONResponse handles multiple code fence formats","invocations":1,"location":null,"numPassingAsserts":1,"retryReasons":[],"startAt":1777303600233,"status":"passed","title":"handles multiple code fence formats"},{"ancestorTitles":["sanitizeJSONResponse"],"duration":1,"failing":false,"failureDetails":[],"failureMessages":[],"fullName":"sanitizeJSONResponse returns empty string for empty input","invocations":1,"location":null,"numPassingAsserts":1,"retryReasons":[],"startAt":1777303600234,"status":"passed","title":"returns empty string for empty input"}],"endTime":1777303600239,"message":"","name":"C:\\Users\\smrit\\OneDrive\\Documents\\GitHub\\BallotIQ\\ballotiq\\__tests__\\lib\\sanitize.test.ts","startTime":1777303599342,"status":"passed","summary":""},{"assertionResults":[{"ancestorTitles":["getFallbackGuide"],"duration":14,"failing":false,"failureDetails":[],"failureMessages":[],"fullName":"getFallbackGuide returns 7 steps for India beginner","invocations":1,"location":null,"numPassingAsserts":2,"retryReasons":[],"startAt":1777303600138,"status":"passed","title":"returns 7 steps for India beginner"},{"ancestorTitles":["getFallbackGuide"],"duration":1,"failing":false,"failureDetails":[],"failureMessages":[],"fullName":"getFallbackGuide returns fewer steps for India advanced than beginner","invocations":1,"location":null,"numPassingAsserts":1,"retryReasons":[],"startAt":1777303600153,"status":"passed","title":"returns fewer steps for India advanced than beginner"},{"ancestorTitles":["getFallbackGuide"],"duration":2,"failing":false,"failureDetails":[],"failureMessages":[],"fullName":"getFallbackGuide returns 7 steps for USA beginner","invocations":1,"location":null,"numPassingAsserts":2,"retryReasons":[],"startAt":1777303600154,"status":"passed","title":"returns 7 steps for USA beginner"},{"ancestorTitles":["getFallbackGuide"],"duration":1,"failing":false,"failureDetails":[],"failureMessages":[],"fullName":"getFallbackGuide returns null for unsupported country","invocations":1,"location":null,"numPassingAsserts":1,"retryReasons":[],"startAt":1777303600156,"status":"passed","title":"returns null for unsupported country"},{"ancestorTitles":["getFallbackGuide"],"duration":77,"failing":false,"failureDetails":[],"failureMessages":[],"fullName":"getFallbackGuide all fallback steps have required fields","invocations":1,"location":null,"numPassingAsserts":750,"retryReasons":[],"startAt":1777303600157,"status":"passed","title":"all fallback steps have required fields"},{"ancestorTitles":["getFallbackGuide"],"duration":2,"failing":false,"failureDetails":[],"failureMessages":[],"fullName":"getFallbackGuide steps are ordered correctly","invocations":1,"location":null,"numPassingAsserts":1,"retryReasons":[],"startAt":1777303600235,"status":"passed","title":"steps are ordered correctly"},{"ancestorTitles":["getFallbackGuide"],"duration":1,"failing":false,"failureDetails":[],"failureMessages":[],"fullName":"getFallbackGuide provides different content for India and USA for the same level","invocations":1,"location":null,"numPassingAsserts":2,"retryReasons":[],"startAt":1777303600238,"status":"passed","title":"provides different content for India and USA for the same level"}],"endTime":1777303600242,"message":"","name":"C:\\Users\\smrit\\OneDrive\\Documents\\GitHub\\BallotIQ\\ballotiq\\__tests__\\lib\\fallback.test.ts","startTime":1777303599344,"status":"passed","summary":""},{"assertionResults":[{"ancestorTitles":["parseGeminiJSON"],"duration":24,"failing":false,"failureDetails":[],"failureMessages":[],"fullName":"parseGeminiJSON returns fallback on invalid JSON","invocations":1,"location":null,"numPassingAsserts":1,"retryReasons":[],"startAt":1777303600199,"status":"passed","title":"returns fallback on invalid JSON"},{"ancestorTitles":["parseGeminiJSON"],"duration":3,"failing":false,"failureDetails":[],"failureMessages":[],"fullName":"parseGeminiJSON returns fallback when validator fails","invocations":1,"location":null,"numPassingAsserts":1,"retryReasons":[],"startAt":1777303600225,"status":"passed","title":"returns fallback when validator fails"},{"ancestorTitles":["parseGeminiJSON"],"duration":2,"failing":false,"failureDetails":[],"failureMessages":[],"fullName":"parseGeminiJSON returns parsed data when valid","invocations":1,"location":null,"numPassingAsserts":1,"retryReasons":[],"startAt":1777303600228,"status":"passed","title":"returns parsed data when valid"},{"ancestorTitles":["parseGeminiJSON"],"duration":2,"failing":false,"failureDetails":[],"failureMessages":[],"fullName":"parseGeminiJSON strips markdown code fences before parsing","invocations":1,"location":null,"numPassingAsserts":1,"retryReasons":[],"startAt":1777303600230,"status":"passed","title":"strips markdown code fences before parsing"},{"ancestorTitles":["parseGeminiJSON"],"duration":4,"failing":false,"failureDetails":[],"failureMessages":[],"fullName":"parseGeminiJSON returns fallback for empty string","invocations":1,"location":null,"numPassingAsserts":1,"retryReasons":[],"startAt":1777303600232,"status":"passed","title":"returns fallback for empty string"},{"ancestorTitles":["isElectionStepsArray"],"duration":1,"failing":false,"failureDetails":[],"failureMessages":[],"fullName":"isElectionStepsArray returns true for valid array","invocations":1,"location":null,"numPassingAsserts":1,"retryReasons":[],"startAt":1777303600237,"status":"passed","title":"returns true for valid array"},{"ancestorTitles":["isElectionStepsArray"],"duration":1,"failing":false,"failureDetails":[],"failureMessages":[],"fullName":"isElectionStepsArray returns false for non-array","invocations":1,"location":null,"numPassingAsserts":1,"retryReasons":[],"startAt":1777303600238,"status":"passed","title":"returns false for non-array"},{"ancestorTitles":["isElectionStepsArray"],"duration":1,"failing":false,"failureDetails":[],"failureMessages":[],"fullName":"isElectionStepsArray returns false for empty array","invocations":1,"location":null,"numPassingAsserts":1,"retryReasons":[],"startAt":1777303600239,"status":"passed","title":"returns false for empty array"},{"ancestorTitles":["isElectionStepsArray"],"duration":2,"failing":false,"failureDetails":[],"failureMessages":[],"fullName":"isElectionStepsArray returns false for array missing required fields","invocations":1,"location":null,"numPassingAsserts":1,"retryReasons":[],"startAt":1777303600240,"status":"passed","title":"returns false for array missing required fields"},{"ancestorTitles":["isElectionStepsArray"],"duration":2,"failing":false,"failureDetails":[],"failureMessages":[],"fullName":"isElectionStepsArray returns false for null","invocations":1,"location":null,"numPassingAsserts":1,"retryReasons":[],"startAt":1777303600243,"status":"passed","title":"returns false for null"},{"ancestorTitles":["isQuizQuestionsArray"],"duration":1,"failing":false,"failureDetails":[],"failureMessages":[],"fullName":"isQuizQuestionsArray validates correctly for valid array","invocations":1,"location":null,"numPassingAsserts":1,"retryReasons":[],"startAt":1777303600245,"status":"passed","title":"validates correctly for valid array"},{"ancestorTitles":["isQuizQuestionsArray"],"duration":0,"failing":false,"failureDetails":[],"failureMessages":[],"fullName":"isQuizQuestionsArray returns false for wrong option count","invocations":1,"location":null,"numPassingAsserts":1,"retryReasons":[],"startAt":1777303600247,"status":"passed","title":"returns false for wrong option count"},{"ancestorTitles":["isQuizQuestionsArray"],"duration":1,"failing":false,"failureDetails":[],"failureMessages":[],"fullName":"isQuizQuestionsArray returns false for invalid correctIndex","invocations":1,"location":null,"numPassingAsserts":1,"retryReasons":[],"startAt":1777303600247,"status":"passed","title":"returns false for invalid correctIndex"},{"ancestorTitles":["isMicroQuizQuestion"],"duration":1,"failing":false,"failureDetails":[],"failureMessages":[],"fullName":"isMicroQuizQuestion validates correctly for valid question","invocations":1,"location":null,"numPassingAsserts":1,"retryReasons":[],"startAt":1777303600248,"status":"passed","title":"validates correctly for valid question"},{"ancestorTitles":["isMicroQuizQuestion"],"duration":0,"failing":false,"failureDetails":[],"failureMessages":[],"fullName":"isMicroQuizQuestion returns false for missing hint","invocations":1,"location":null,"numPassingAsserts":1,"retryReasons":[],"startAt":1777303600249,"status":"passed","title":"returns false for missing hint"},{"ancestorTitles":["isMicroQuizQuestion"],"duration":0,"failing":false,"failureDetails":[],"failureMessages":[],"fullName":"isMicroQuizQuestion returns false for null","invocations":1,"location":null,"numPassingAsserts":1,"retryReasons":[],"startAt":1777303600250,"status":"passed","title":"returns false for null"},{"ancestorTitles":["isAssessmentResult"],"duration":1,"failing":false,"failureDetails":[],"failureMessages":[],"fullName":"isAssessmentResult validates valid assessment result","invocations":1,"location":null,"numPassingAsserts":1,"retryReasons":[],"startAt":1777303600251,"status":"passed","title":"validates valid assessment result"},{"ancestorTitles":["isAssessmentResult"],"duration":0,"failing":false,"failureDetails":[],"failureMessages":[],"fullName":"isAssessmentResult returns false for invalid knowledge level","invocations":1,"location":null,"numPassingAsserts":1,"retryReasons":[],"startAt":1777303600252,"status":"passed","title":"returns false for invalid knowledge level"},{"ancestorTitles":["isAssessmentResult"],"duration":1,"failing":false,"failureDetails":[],"failureMessages":[],"fullName":"isAssessmentResult returns false for zero step count","invocations":1,"location":null,"numPassingAsserts":1,"retryReasons":[],"startAt":1777303600252,"status":"passed","title":"returns false for zero step count"}],"endTime":1777303600255,"message":"","name":"C:\\Users\\smrit\\OneDrive\\Documents\\GitHub\\BallotIQ\\ballotiq\\__tests__\\lib\\validator.test.ts","startTime":1777303599327,"status":"passed","summary":""},{"assertionResults":[{"ancestorTitles":["useAdaptiveLearning"],"duration":27,"failing":false,"failureDetails":[],"failureMessages":[],"fullName":"useAdaptiveLearning initializes with default values","invocations":1,"location":null,"numPassingAsserts":3,"retryReasons":[],"startAt":1777303600406,"status":"passed","title":"initializes with default values"},{"ancestorTitles":["useAdaptiveLearning"],"duration":8,"failing":false,"failureDetails":[],"failureMessages":[],"fullName":"useAdaptiveLearning resets errors on correct answer","invocations":1,"location":null,"numPassingAsserts":2,"retryReasons":[],"startAt":1777303600434,"status":"passed","title":"resets errors on correct answer"},{"ancestorTitles":["useAdaptiveLearning"],"duration":6,"failing":false,"failureDetails":[],"failureMessages":[],"fullName":"useAdaptiveLearning triggers adaptation after 2 consecutive errors","invocations":1,"location":null,"numPassingAsserts":3,"retryReasons":[],"startAt":1777303600442,"status":"passed","title":"triggers adaptation after 2 consecutive errors"},{"ancestorTitles":["useAdaptiveLearning"],"duration":4,"failing":false,"failureDetails":[],"failureMessages":[],"fullName":"useAdaptiveLearning calls reExplainConcept on failure","invocations":1,"location":null,"numPassingAsserts":2,"retryReasons":[],"startAt":1777303600449,"status":"passed","title":"calls reExplainConcept on failure"},{"ancestorTitles":["useAdaptiveLearning"],"duration":4,"failing":false,"failureDetails":[],"failureMessages":[],"fullName":"useAdaptiveLearning moves to next step","invocations":1,"location":null,"numPassingAsserts":2,"retryReasons":[],"startAt":1777303600453,"status":"passed","title":"moves to next step"},{"ancestorTitles":["useAdaptiveLearning"],"duration":4,"failing":false,"failureDetails":[],"failureMessages":[],"fullName":"useAdaptiveLearning retains adaptationActive state across step changes once triggered","invocations":1,"location":null,"numPassingAsserts":2,"retryReasons":[],"startAt":1777303600458,"status":"passed","title":"retains adaptationActive state across step changes once triggered"}],"endTime":1777303600464,"message":"","name":"C:\\Users\\smrit\\OneDrive\\Documents\\GitHub\\BallotIQ\\ballotiq\\__tests__\\hooks\\useAdaptiveLearning.test.ts","startTime":1777303599277,"status":"passed","summary":""},{"assertionResults":[{"ancestorTitles":["QuizCard"],"duration":49,"failing":false,"failureDetails":[],"failureMessages":[],"fullName":"QuizCard renders question and difficulty badge","invocations":1,"location":null,"numPassingAsserts":2,"retryReasons":[],"startAt":1777303600453,"status":"passed","title":"renders question and difficulty badge"},{"ancestorTitles":["QuizCard"],"duration":8,"failing":false,"failureDetails":[],"failureMessages":[],"fullName":"QuizCard renders all 4 options with labels","invocations":1,"location":null,"numPassingAsserts":4,"retryReasons":[],"startAt":1777303600502,"status":"passed","title":"renders all 4 options with labels"},{"ancestorTitles":["QuizCard"],"duration":10,"failing":false,"failureDetails":[],"failureMessages":[],"fullName":"QuizCard calls onAnswer when an option is clicked","invocations":1,"location":null,"numPassingAsserts":1,"retryReasons":[],"startAt":1777303600510,"status":"passed","title":"calls onAnswer when an option is clicked"},{"ancestorTitles":["QuizCard"],"duration":8,"failing":false,"failureDetails":[],"failureMessages":[],"fullName":"QuizCard shows explanation when showResult is true","invocations":1,"location":null,"numPassingAsserts":1,"retryReasons":[],"startAt":1777303600520,"status":"passed","title":"shows explanation when showResult is true"},{"ancestorTitles":["QuizCard"],"duration":9,"failing":false,"failureDetails":[],"failureMessages":[],"fullName":"QuizCard highlights correct option when showResult is true","invocations":1,"location":null,"numPassingAsserts":1,"retryReasons":[],"startAt":1777303600528,"status":"passed","title":"highlights correct option when showResult is true"},{"ancestorTitles":["QuizCard"],"duration":61,"failing":false,"failureDetails":[],"failureMessages":[],"fullName":"QuizCard renders correct aria-checked attribute for selected option","invocations":1,"location":null,"numPassingAsserts":2,"retryReasons":[],"startAt":1777303600537,"status":"passed","title":"renders correct aria-checked attribute for selected option"}],"endTime":1777303600600,"message":"","name":"C:\\Users\\smrit\\OneDrive\\Documents\\GitHub\\BallotIQ\\ballotiq\\__tests__\\components\\QuizCard.test.tsx","startTime":1777303599309,"status":"passed","summary":""},{"assertionResults":[{"ancestorTitles":["MicroQuiz"],"duration":62,"failing":false,"failureDetails":[],"failureMessages":[],"fullName":"MicroQuiz renders question and options","invocations":1,"location":null,"numPassingAsserts":2,"retryReasons":[],"startAt":1777303600516,"status":"passed","title":"renders question and options"},{"ancestorTitles":["MicroQuiz"],"duration":13,"failing":false,"failureDetails":[],"failureMessages":[],"fullName":"MicroQuiz calls onSubmit when option is clicked","invocations":1,"location":null,"numPassingAsserts":1,"retryReasons":[],"startAt":1777303600579,"status":"passed","title":"calls onSubmit when option is clicked"},{"ancestorTitles":["MicroQuiz"],"duration":12,"failing":false,"failureDetails":[],"failureMessages":[],"fullName":"MicroQuiz shows correct feedback when isCorrect is true","invocations":1,"location":null,"numPassingAsserts":1,"retryReasons":[],"startAt":1777303600592,"status":"passed","title":"shows correct feedback when isCorrect is true"},{"ancestorTitles":["MicroQuiz"],"duration":20,"failing":false,"failureDetails":[],"failureMessages":[],"fullName":"MicroQuiz shows error feedback and re-explanation when isCorrect is false","invocations":1,"location":null,"numPassingAsserts":2,"retryReasons":[],"startAt":1777303600604,"status":"passed","title":"shows error feedback and re-explanation when isCorrect is false"},{"ancestorTitles":["MicroQuiz"],"duration":9,"failing":false,"failureDetails":[],"failureMessages":[],"fullName":"MicroQuiz calls onContinue when continue button is clicked","invocations":1,"location":null,"numPassingAsserts":1,"retryReasons":[],"startAt":1777303600624,"status":"passed","title":"calls onContinue when continue button is clicked"},{"ancestorTitles":["MicroQuiz"],"duration":11,"failing":false,"failureDetails":[],"failureMessages":[],"fullName":"MicroQuiz toggles hint visibility when hint button is clicked","invocations":1,"location":null,"numPassingAsserts":2,"retryReasons":[],"startAt":1777303600633,"status":"passed","title":"toggles hint visibility when hint button is clicked"}],"endTime":1777303600646,"message":"","name":"C:\\Users\\smrit\\OneDrive\\Documents\\GitHub\\BallotIQ\\ballotiq\\__tests__\\components\\MicroQuiz.test.tsx","startTime":1777303599261,"status":"passed","summary":""},{"assertionResults":[{"ancestorTitles":["DiagnosticQuestion"],"duration":155,"failing":false,"failureDetails":[],"failureMessages":[],"fullName":"DiagnosticQuestion should have no accessibility violations","invocations":1,"location":null,"numPassingAsserts":1,"retryReasons":[],"startAt":1777303600608,"status":"passed","title":"should have no accessibility violations"},{"ancestorTitles":["DiagnosticQuestion"],"duration":15,"failing":false,"failureDetails":[],"failureMessages":[],"fullName":"DiagnosticQuestion renders question 1 with correct buttons","invocations":1,"location":null,"numPassingAsserts":3,"retryReasons":[],"startAt":1777303600764,"status":"passed","title":"renders question 1 with correct buttons"},{"ancestorTitles":["DiagnosticQuestion"],"duration":12,"failing":false,"failureDetails":[],"failureMessages":[],"fullName":"DiagnosticQuestion calls onAnswer with boolean for question 1","invocations":1,"location":null,"numPassingAsserts":1,"retryReasons":[],"startAt":1777303600779,"status":"passed","title":"calls onAnswer with boolean for question 1"},{"ancestorTitles":["DiagnosticQuestion"],"duration":6,"failing":false,"failureDetails":[],"failureMessages":[],"fullName":"DiagnosticQuestion renders question 2 with 1-5 scale labels","invocations":1,"location":null,"numPassingAsserts":3,"retryReasons":[],"startAt":1777303600792,"status":"passed","title":"renders question 2 with 1-5 scale labels"},{"ancestorTitles":["DiagnosticQuestion"],"duration":12,"failing":false,"failureDetails":[],"failureMessages":[],"fullName":"DiagnosticQuestion calls onAnswer with number for question 2","invocations":1,"location":null,"numPassingAsserts":1,"retryReasons":[],"startAt":1777303600798,"status":"passed","title":"calls onAnswer with number for question 2"},{"ancestorTitles":["DiagnosticQuestion"],"duration":5,"failing":false,"failureDetails":[],"failureMessages":[],"fullName":"DiagnosticQuestion renders question 3 with textarea","invocations":1,"location":null,"numPassingAsserts":1,"retryReasons":[],"startAt":1777303600810,"status":"passed","title":"renders question 3 with textarea"},{"ancestorTitles":["DiagnosticQuestion"],"duration":10,"failing":false,"failureDetails":[],"failureMessages":[],"fullName":"DiagnosticQuestion calls onAnswer with sanitized text for question 3","invocations":1,"location":null,"numPassingAsserts":1,"retryReasons":[],"startAt":1777303600815,"status":"passed","title":"calls onAnswer with sanitized text for question 3"},{"ancestorTitles":["DiagnosticQuestion"],"duration":15,"failing":false,"failureDetails":[],"failureMessages":[],"fullName":"DiagnosticQuestion disables inputs when loading","invocations":1,"location":null,"numPassingAsserts":1,"retryReasons":[],"startAt":1777303600825,"status":"passed","title":"disables inputs when loading"}],"endTime":1777303600841,"message":"","name":"C:\\Users\\smrit\\OneDrive\\Documents\\GitHub\\BallotIQ\\ballotiq\\__tests__\\components\\DiagnosticQuestion.test.tsx","startTime":1777303599338,"status":"passed","summary":""},{"assertionResults":[{"ancestorTitles":["StepCard"],"duration":204,"failing":false,"failureDetails":[],"failureMessages":[],"fullName":"StepCard should have no accessibility violations","invocations":1,"location":null,"numPassingAsserts":1,"retryReasons":[],"startAt":1777303600629,"status":"passed","title":"should have no accessibility violations"},{"ancestorTitles":["StepCard"],"duration":15,"failing":false,"failureDetails":[],"failureMessages":[],"fullName":"StepCard renders step title and basic info","invocations":1,"location":null,"numPassingAsserts":2,"retryReasons":[],"startAt":1777303600834,"status":"passed","title":"renders step title and basic info"},{"ancestorTitles":["StepCard"],"duration":8,"failing":false,"failureDetails":[],"failureMessages":[],"fullName":"StepCard shows simpleExplanation when adaptationActive is true","invocations":1,"location":null,"numPassingAsserts":1,"retryReasons":[],"startAt":1777303600849,"status":"passed","title":"shows simpleExplanation when adaptationActive is true"},{"ancestorTitles":["StepCard"],"duration":7,"failing":false,"failureDetails":[],"failureMessages":[],"fullName":"StepCard shows detailedExplanation for beginner when adaptation is false","invocations":1,"location":null,"numPassingAsserts":1,"retryReasons":[],"startAt":1777303600857,"status":"passed","title":"shows detailedExplanation for beginner when adaptation is false"},{"ancestorTitles":["StepCard"],"duration":12,"failing":false,"failureDetails":[],"failureMessages":[],"fullName":"StepCard calls onComplete when button is clicked","invocations":1,"location":null,"numPassingAsserts":1,"retryReasons":[],"startAt":1777303600864,"status":"passed","title":"calls onComplete when button is clicked"},{"ancestorTitles":["StepCard"],"duration":17,"failing":false,"failureDetails":[],"failureMessages":[],"fullName":"StepCard toggles requirements visibility","invocations":1,"location":null,"numPassingAsserts":2,"retryReasons":[],"startAt":1777303600876,"status":"passed","title":"toggles requirements visibility"},{"ancestorTitles":["StepCard"],"duration":9,"failing":false,"failureDetails":[],"failureMessages":[],"fullName":"StepCard renders with correct aria-label for accessibility","invocations":1,"location":null,"numPassingAsserts":1,"retryReasons":[],"startAt":1777303600893,"status":"passed","title":"renders with correct aria-label for accessibility"},{"ancestorTitles":["StepCard"],"duration":8,"failing":false,"failureDetails":[],"failureMessages":[],"fullName":"StepCard shows checkmark icon when completed","invocations":1,"location":null,"numPassingAsserts":2,"retryReasons":[],"startAt":1777303600902,"status":"passed","title":"shows checkmark icon when completed"},{"ancestorTitles":["StepCard"],"duration":15,"failing":false,"failureDetails":[],"failureMessages":[],"fullName":"StepCard toggles tips visibility","invocations":1,"location":null,"numPassingAsserts":2,"retryReasons":[],"startAt":1777303600910,"status":"passed","title":"toggles tips visibility"},{"ancestorTitles":["StepCard"],"duration":7,"failing":false,"failureDetails":[],"failureMessages":[],"fullName":"StepCard hides complete button when step is already completed","invocations":1,"location":null,"numPassingAsserts":1,"retryReasons":[],"startAt":1777303600925,"status":"passed","title":"hides complete button when step is already completed"}],"endTime":1777303600934,"message":"","name":"C:\\Users\\smrit\\OneDrive\\Documents\\GitHub\\BallotIQ\\ballotiq\\__tests__\\components\\StepCard.test.tsx","startTime":1777303599352,"status":"passed","summary":""}],"wasInterrupted":false}
